Best-choice check
HW date 2019/9/26 ~ 10/14 Check By m107yhliu
Input file : ./benchmark/adaptec2/adaptec2.nodes
Input file : ./benchmark/adaptec2/adaptec2.nets
Input file : ./BC-HW/BC_P76071218/adaptec2.clusters
Input file : ./BC-HW/BC_P76071218/adaptec2.cnets

----------Node start----------
NumNodes : 255023
NumTerminals : 566
NumFreeNodes : 254457
Atotal : 33640488
---------- Node end ----------

---------- Net start----------
NumNets : 266009
----------  Net end ----------

---------Cluster start--------
level 0 size:127228
level 1 size:95098
level 2 size:48674
level 3 size:25373
level 4 size:13450
level 5 size:7145
level 6 size:5999

CHECK if all free nodes are clustered : 
all free nodes are clustered PASS

CHECK number of blocks in the resulting clustered circuit < 6000 : 
CHECK number of blocks < 6000 PASS

CHECK level areas from '0' to '6' : 
    level 0 area correct!
    level 1 area correct!
    level 2 area correct!
    level 3 area correct!
    level 4 area correct!
    level 5 area correct!
    level 6 area correct!
CHECK level areas PASS

CHECK Aci <= 3*(Atotal/Nc) : 
    Atotal : 33640488
    N0 : 254457
    N1 : 127228
    N2 : 95098
    N3 : 48674
    N4 : 25373
    N5 : 13450
    N6 : 7145
CHECK Aci <= 3*(Atotal/Nc) PASS
--------- Cluster end --------

----------Cnet start----------
CHECK cnets file : 
CHECK cnets file PASS
Final NumNets : 56507
---------- Cnet end ----------

Best-choice check done
